[00:47:34] [ServerMain/INFO]: Environment: authHost='https://authserver.mojang.com', accountsHost='https://api.mojang.com', sessionHost='https://sessionserver.mojang.com', servicesHost='https://api.minecraftservices.com', name='PROD'
[00:47:37] [ServerMain/INFO]: Loaded 7 recipes
[00:47:38] [Server thread/INFO]: Starting minecraft server version 1.20.1
[00:47:38] [Server thread/INFO]: Loading properties
[00:47:38] [Server thread/INFO]: This server is running Paper version git-Paper-196 (MC: 1.20.1) (Implementing API version 1.20.1-R0.1-SNAPSHOT) (Git: 773dd72)
[00:47:39] [Server thread/INFO]: Server Ping Player Sample Count: 12
[00:47:39] [Server thread/INFO]: Using 4 threads for Netty based IO
[00:47:39] [Server thread/WARN]: [!] The timings profiler has been enabled but has been scheduled for removal from Paper in the future.
    We recommend installing the spark profiler as a replacement: https://spark.lucko.me/
    For more information please visit: https://github.com/PaperMC/Paper/issues/8948
[00:47:39] [Server thread/INFO]: [ChunkTaskScheduler] Chunk system is using 1 I/O threads, 1 worker threads, and gen parallelism of 1 threads
[00:47:40] [Server thread/INFO]: Default game type: SURVIVAL
[00:47:40] [Server thread/INFO]: Generating keypair
[00:47:40] [Server thread/INFO]: Starting Minecraft server on *:25565
[00:47:40] [Server thread/INFO]: Using epoll channel type
[00:47:40] [Server thread/INFO]: Paper: Using libdeflate (Linux x86_64) compression from Velocity.
[00:47:40] [Server thread/INFO]: Paper: Using OpenSSL 1.1.x (Linux x86_64) cipher from Velocity.
[00:47:40] [Server thread/INFO]: [SkinsRestorer] Loading server plugin SkinsRestorer v15.5.1
[00:47:40] [Server thread/INFO]: Server permissions file permissions.yml is empty, ignoring it
[00:47:40] [Server thread/INFO]: [SkinsRestorer] Enabling SkinsRestorer v15.5.1
[00:47:41] [Server thread/WARN]: [SkinsRestorer] You must agree to the rules at 'commands.perSkinPermissionsConsent' in the config to use per skin permissions.
[00:47:41] [Server thread/INFO]: [SkinsRestorer] Running on Minecraft 1.20.1.
[00:47:42] [Server thread/INFO]: [SkinsRestorer] Using paper join listener!
[00:47:42] [Server thread/WARN]: [SkinsRestorer] Please update your Java runtime to at least Java 21 (your version is 17).
[00:47:42] [Server thread/WARN]: [SkinsRestorer] At some point in the future, SkinsRestorer will no longer be compatible with this version of Java.
[00:47:42] [Server thread/WARN]: **** SERVER IS RUNNING IN OFFLINE/INSECURE MODE!
[00:47:42] [Server thread/WARN]: The server will make no attempt to authenticate usernames. Beware.
[00:47:42] [Server thread/WARN]: While this makes the game possible to play without internet access, it also opens up the ability for hackers to connect with any username they choose.
[00:47:42] [Server thread/WARN]: To change this, set "online-mode" to "true" in the server.properties file.
[00:47:42] [Server thread/INFO]: Preparing level "world"
[00:47:42] [Folia Async Scheduler Thread #1/INFO]: [SkinsRestorer] ----------------------------------------------
[00:47:42] [Folia Async Scheduler Thread #1/INFO]: [SkinsRestorer]     +==================+
[00:47:42] [Folia Async Scheduler Thread #1/INFO]: [SkinsRestorer]     |   SkinsRestorer  |
[00:47:42] [Folia Async Scheduler Thread #1/INFO]: [SkinsRestorer]     |------------------|
[00:47:42] [Folia Async Scheduler Thread #1/INFO]: [SkinsRestorer]     |  Standalone Mode |
[00:47:42] [Folia Async Scheduler Thread #1/INFO]: [SkinsRestorer]     +==================+
[00:47:42] [Folia Async Scheduler Thread #1/INFO]: [SkinsRestorer] ----------------------------------------------
[00:47:42] [Folia Async Scheduler Thread #1/INFO]: [SkinsRestorer]     Version: 15.5.1
[00:47:42] [Folia Async Scheduler Thread #1/INFO]: [SkinsRestorer]     Commit: d5d8613
[00:47:42] [Folia Async Scheduler Thread #1/INFO]: [SkinsRestorer]     This is the latest version!
[00:47:42] [Folia Async Scheduler Thread #1/INFO]: [SkinsRestorer] ----------------------------------------------
[00:47:42] [Folia Async Scheduler Thread #1/INFO]: [SkinsRestorer] Do you have issues? Read our troubleshooting guide: https://skinsrestorer.net/docs/troubleshooting
[00:47:42] [Folia Async Scheduler Thread #1/INFO]: [SkinsRestorer] Want to support SkinsRestorer? Consider donating: https://skinsrestorer.net/donate
[00:47:43] [Server thread/INFO]: Preparing start region for dimension minecraft:overworld
[00:47:43] [Server thread/INFO]: Time elapsed: 468 ms
[00:47:43] [Server thread/INFO]: Preparing start region for dimension minecraft:the_nether
[00:47:44] [Server thread/INFO]: Time elapsed: 227 ms
[00:47:44] [Server thread/INFO]: Preparing start region for dimension minecraft:the_end
[00:47:44] [Server thread/INFO]: Time elapsed: 199 ms
[00:47:44] [Server thread/INFO]: Running delayed init tasks
[00:47:44] [Server thread/INFO]: Done (6.457s)! For help, type "help"
[00:47:44] [Server thread/INFO]: Timings Reset
[00:49:54] [Server thread/INFO]: Made drib_x a server operator
[00:50:51] [User Authenticator #0/INFO]: UUID of player drib_x is def2016b-8b1d-3026-9239-0d9b0ffb3c01
[00:50:51] [Server thread/INFO]: drib_x joined the game
[00:50:51] [Server thread/INFO]: drib_x[/10.242.170.215:59546] logged in with entity id 152 at ([world]-1.5, 65.0, 35.5)
[00:52:43] [Server thread/INFO]: drib_x lost connection: Disconnected
[00:52:43] [Server thread/INFO]: drib_x left the game
[00:52:53] [Server thread/INFO]: Stopping the server
[00:52:53] [Server thread/INFO]: Stopping server
[00:52:53] [Server thread/INFO]: [SkinsRestorer] Disabling SkinsRestorer v15.5.1
[00:52:53] [Server thread/INFO]: Saving players
[00:52:54] [Server thread/INFO]: Saving worlds
[00:52:54] [Server thread/INFO]: Saving chunks for level 'ServerLevel[world]'/minecraft:overworld
[00:52:54] [Server thread/INFO]: [ChunkHolderManager] Waiting 60s for chunk system to halt for world 'world'
[00:52:54] [Server thread/INFO]: [ChunkHolderManager] Halted chunk system for world 'world'
[00:52:54] [Server thread/INFO]: [ChunkHolderManager] Saving all chunkholders for world 'world'
[00:52:56] [Server thread/INFO]: [ChunkHolderManager] Saved 1900 block chunks, 385 entity chunks, 0 poi chunks in world 'world' in 2.21s
[00:52:56] [Server thread/INFO]: ThreadedAnvilChunkStorage (world): All chunks are saved
[00:52:56] [Server thread/INFO]: Saving chunks for level 'ServerLevel[world_nether]'/minecraft:the_nether
[00:52:56] [Server thread/INFO]: [ChunkHolderManager] Waiting 60s for chunk system to halt for world 'world_nether'
[00:52:56] [Server thread/INFO]: [ChunkHolderManager] Halted chunk system for world 'world_nether'
[00:52:56] [Server thread/INFO]: [ChunkHolderManager] Saving all chunkholders for world 'world_nether'
[00:52:56] [Server thread/INFO]: [ChunkHolderManager] Saved 116 block chunks, 121 entity chunks, 0 poi chunks in world 'world_nether' in 0.18s
[00:52:56] [Server thread/INFO]: ThreadedAnvilChunkStorage (DIM-1): All chunks are saved
[00:52:56] [Server thread/INFO]: Saving chunks for level 'ServerLevel[world_the_end]'/minecraft:the_end
[00:52:56] [Server thread/INFO]: [ChunkHolderManager] Waiting 60s for chunk system to halt for world 'world_the_end'
[00:52:56] [Server thread/INFO]: [ChunkHolderManager] Halted chunk system for world 'world_the_end'
[00:52:56] [Server thread/INFO]: [ChunkHolderManager] Saving all chunkholders for world 'world_the_end'
[00:52:56] [Server thread/INFO]: [ChunkHolderManager] Saved 10 block chunks, 10 entity chunks, 0 poi chunks in world 'world_the_end' in 0.01s
[00:52:56] [Server thread/INFO]: ThreadedAnvilChunkStorage (DIM1): All chunks are saved
[00:52:56] [Server thread/INFO]: ThreadedAnvilChunkStorage: All dimensions are saved
[00:52:56] [Server thread/INFO]: Flushing Chunk IO
[00:52:56] [Server thread/INFO]: Closing Thread Pool
[00:52:56] [Server thread/INFO]: Closing Server
